<?xml version="1.0" encoding="UTF-8"?>
<!-- Generated by org.testng.reporters.JUnitXMLReporter -->
<testsuite hostname="DESKTOP-FNF69NB" name="Selendroid App Test" tests="2" failures="1" timestamp="1 Dec 2016 14:09:07 GMT" time="8.175" errors="0">
  <testcase name="validateButtons" time="2.502" classname="testcases.care.CareLoginTest">
    <failure type="junit.framework.AssertionFailedError" message="expected:&amp;lt;4&amp;gt; but was:&amp;lt;3&amp;gt;">
      <![CDATA[junit.framework.AssertionFailedError: expected:<4> but was:<3>
	at junit.framework.Assert.fail(Assert.java:50)
	at junit.framework.Assert.failNotEquals(Assert.java:287)
	at junit.framework.Assert.assertEquals(Assert.java:67)
	at junit.framework.Assert.assertEquals(Assert.java:199)
	at junit.framework.Assert.assertEquals(Assert.java:205)
	at testcases.care.CareLoginTest.validateButtons(CareLoginTest.java:27)
... Removed 24 stack frames]]>
    </failure>
  </testcase> <!-- validateButtons -->
  <testcase name="SignUpWithEmail" time="1.377" classname="testcases.care.CareLoginTest"/>
</testsuite> <!-- Selendroid App Test -->
