<?xml version="1.0" encoding="UTF-8"?>
<!-- Generated by org.testng.reporters.JUnitXMLReporter -->
<testsuite hostname="DESKTOP-FNF69NB" name="UICatalog Test" tests="1" failures="1" timestamp="31 Oct 2016 21:48:09 GMT" time="8.576" errors="0">
  <testcase name="SwitchTest" time="6.551" classname="testcases.SelendroidScreenTest">
    <failure type="junit.framework.AssertionFailedError">
      <![CDATA[junit.framework.AssertionFailedError
	at junit.framework.Assert.fail(Assert.java:48)
	at junit.framework.Assert.fail(Assert.java:56)
	at screens.SelendDroidTestScreen.typeData(SelendDroidTestScreen.java:28)
	at testcases.SelendroidScreenTest.SwitchTest(SelendroidScreenTest.java:24)
... Removed 24 stack frames]]>
    </failure>
  </testcase> <!-- SwitchTest -->
</testsuite> <!-- UICatalog Test -->
